<?xml version="1.0" encoding="UTF-8"?>
<!-- Generated by org.testng.reporters.JUnitReportReporter -->
<testsuite skipped="0" hostname="RenAyobamiEL" name="TestCases.ListHsBoxesTest" tests="1" failures="0" timestamp="07 Feb 2020 08:01:04 GMT" time="2.454" errors="0">
  <testcase name="RetrieveHSBoxes" time="2.454" classname="TestCases.ListHsBoxesTest"/>
</testsuite> <!-- TestCases.ListHsBoxesTest -->
