<?xml version="1.0" encoding="UTF-8"?>
<!-- Generated by org.testng.reporters.JUnitReportReporter -->
<testsuite skipped="0" hostname="RenAyobamiEL" name="TestCases.CreateAndDeleteClustersTest" tests="1" failures="0" timestamp="07 Feb 2020 14:45:57 GMT" time="8.773" errors="0">
  <testcase name="CreateAndDeleteClusters" time="8.773" classname="TestCases.CreateAndDeleteClustersTest"/>
</testsuite> <!-- TestCases.CreateAndDeleteClustersTest -->
