<?xml version="1.0" encoding="UTF-8"?>
<!-- Generated by org.testng.reporters.JUnitReportReporter -->
<testsuite skipped="0" hostname="RenAyobamiEL" name="TestCases.CreateDuplicateMerchantTest" tests="1" failures="0" timestamp="15 Jan 2020 11:27:10 GMT" time="4.735" errors="0">
  <testcase name="DuplicateMerchantCreation" time="4.735" classname="TestCases.CreateDuplicateMerchantTest"/>
</testsuite> <!-- TestCases.CreateDuplicateMerchantTest -->
