<?xml version="1.0" encoding="UTF-8"?>
<!-- Generated by org.testng.reporters.JUnitReportReporter -->
<testsuite skipped="0" hostname="RenAyobamiEL" name="TestCases.LoginTest" tests="1" failures="0" timestamp="01 Jul 2020 16:03:54 GMT" time="0.417" errors="0">
  <testcase name="Login" time="0.417" classname="TestCases.LoginTest"/>
</testsuite> <!-- TestCases.LoginTest -->
