<?xml version="1.0" encoding="UTF-8"?>
<!-- Generated by org.testng.reporters.JUnitReportReporter -->
<testsuite skipped="0" hostname="ISW-ENGR-AE2" name="FreeNow.UserSearch" tests="1" failures="0" timestamp="16 Nov 2019 11:37:40 GMT" time="5.583" errors="0">
  <testcase name="SearchSamantha" time="5.583" classname="FreeNow.UserSearch"/>
</testsuite> <!-- FreeNow.UserSearch -->
