<?xml version="1.0" encoding="UTF-8"?>
<!-- Generated by org.testng.reporters.JUnitReportReporter -->
<testsuite skipped="0" hostname="RenAyobamiEL" name="TestCases.UpdateTicketTest" tests="1" failures="0" timestamp="16 Jan 2020 09:05:25 GMT" time="3.917" errors="0">
  <testcase name="UpdateTicket" time="3.917" classname="TestCases.UpdateTicketTest"/>
</testsuite> <!-- TestCases.UpdateTicketTest -->
