<?xml version="1.0" encoding="UTF-8"?>
<!-- Generated by org.testng.reporters.JUnitReportReporter -->
<testsuite skipped="0" hostname="RenAyobamiEL" name="TestCases.ListAllClusters" tests="1" failures="0" timestamp="01 Feb 2020 18:01:39 GMT" time="3.580" errors="0">
  <testcase name="RetrieveAllClusters" time="3.580" classname="TestCases.ListAllClusters"/>
</testsuite> <!-- TestCases.ListAllClusters -->
