<?xml version="1.0" encoding="UTF-8"?>
<!-- Generated by org.testng.reporters.JUnitReportReporter -->
<testsuite skipped="0" hostname="RenAyobamiEL" name="TestCases.CreateTicketTest" tests="1" failures="0" timestamp="16 Jan 2020 08:43:27 GMT" time="4.041" errors="0">
  <testcase name="TicketCreation" time="4.041" classname="TestCases.CreateTicketTest"/>
</testsuite> <!-- TestCases.CreateTicketTest -->
