<?xml version="1.0" encoding="UTF-8"?>
<!-- Generated by org.testng.reporters.JUnitReportReporter -->
<testsuite skipped="0" hostname="RenAyobamiEL" name="TestCases.ListAllClustersTest" tests="1" failures="0" timestamp="07 Feb 2020 08:01:04 GMT" time="2.487" errors="0">
  <testcase name="RetrieveAllClusters" time="2.487" classname="TestCases.ListAllClustersTest"/>
</testsuite> <!-- TestCases.ListAllClustersTest -->
