<?xml version="1.0" encoding="UTF-8"?>
<!-- Generated by org.testng.reporters.JUnitReportReporter -->
<testsuite skipped="0" hostname="RenAyobamiEL" name="TestCases.copy.CreateAndDeleteClustersTest" tests="1" failures="0" timestamp="06 Feb 2020 09:20:48 GMT" time="5.425" errors="0">
  <testcase name="CreateAndDeleteClusters" time="5.425" classname="TestCases.copy.CreateAndDeleteClustersTest"/>
</testsuite> <!-- TestCases.copy.CreateAndDeleteClustersTest -->
