<?xml version="1.0" encoding="UTF-8"?>
<!-- Generated by org.testng.reporters.JUnitReportReporter -->
<testsuite skipped="0" hostname="RenAyobamiEL" name="TestCases.UpdateClustersTest" tests="1" failures="0" timestamp="05 Feb 2020 18:59:03 GMT" time="4.738" errors="0">
  <testcase name="UpdateallClusters" time="4.738" classname="TestCases.UpdateClustersTest"/>
</testsuite> <!-- TestCases.UpdateClustersTest -->
