<?xml version="1.0" encoding="UTF-8"?>
<!-- Generated by org.testng.reporters.JUnitReportReporter -->
<testsuite skipped="0" hostname="RenAyobamiEL" name="TestCases.LoginAuth" tests="1" failures="0" timestamp="01 Feb 2020 05:38:59 GMT" time="7.323" errors="0">
  <testcase name="LoginTest" time="7.323" classname="TestCases.LoginAuth"/>
</testsuite> <!-- TestCases.LoginAuth -->
